[2022-07-21 09:23:28,286] {taskinstance.py:1032} INFO - Dependencies all met for <TaskInstance: StackExchange.download_and_unzip manual__2022-07-21T09:23:26.220601+00:00 [queued]>
[2022-07-21 09:23:28,313] {taskinstance.py:1032} INFO - Dependencies all met for <TaskInstance: StackExchange.download_and_unzip manual__2022-07-21T09:23:26.220601+00:00 [queued]>
[2022-07-21 09:23:28,314] {taskinstance.py:1238} INFO - 
--------------------------------------------------------------------------------
[2022-07-21 09:23:28,315] {taskinstance.py:1239} INFO - Starting attempt 1 of 6
[2022-07-21 09:23:28,316] {taskinstance.py:1240} INFO - 
--------------------------------------------------------------------------------
[2022-07-21 09:23:28,348] {taskinstance.py:1259} INFO - Executing <Task(PythonOperator): download_and_unzip> on 2022-07-21 09:23:26.220601+00:00
[2022-07-21 09:23:28,355] {standard_task_runner.py:52} INFO - Started process 297 to run task
[2022-07-21 09:23:28,363] {standard_task_runner.py:76} INFO - Running: ['***', 'tasks', 'run', 'StackExchange', 'download_and_unzip', 'manual__2022-07-21T09:23:26.220601+00:00', '--job-id', '13', '--raw', '--subdir', 'DAGS_FOLDER/stackexchange_dag.py', '--cfg-path', '/tmp/tmpqvxu535n', '--error-file', '/tmp/tmp1tw5yuq7']
[2022-07-21 09:23:28,365] {standard_task_runner.py:77} INFO - Job 13: Subtask download_and_unzip
[2022-07-21 09:23:28,482] {logging_mixin.py:109} INFO - Running <TaskInstance: StackExchange.download_and_unzip manual__2022-07-21T09:23:26.220601+00:00 [running]> on host 98e81b5638d8
[2022-07-21 09:23:28,630] {taskinstance.py:1426} INFO - Exporting the following env vars:
AIRFLOW_CTX_DAG_OWNER=saad
AIRFLOW_CTX_DAG_ID=StackExchange
AIRFLOW_CTX_TASK_ID=download_and_unzip
AIRFLOW_CTX_EXECUTION_DATE=2022-07-21T09:23:26.220601+00:00
AIRFLOW_CTX_DAG_RUN_ID=manual__2022-07-21T09:23:26.220601+00:00
[2022-07-21 09:23:28,632] {logging_mixin.py:109} INFO - Downloading nad unziping DONE
[2022-07-21 09:23:28,633] {python.py:175} INFO - Done. Returned value was: None
[2022-07-21 09:23:28,662] {taskinstance.py:1277} INFO - Marking task as SUCCESS. dag_id=StackExchange, task_id=download_and_unzip, execution_date=20220721T092326, start_date=20220721T092328, end_date=20220721T092328
[2022-07-21 09:23:28,706] {local_task_job.py:154} INFO - Task exited with return code 0
[2022-07-21 09:23:28,815] {local_task_job.py:264} INFO - 3 downstream tasks scheduled from follow-on schedule check
