[2022-07-21 09:21:48,756] {taskinstance.py:1032} INFO - Dependencies all met for <TaskInstance: StackExchange.download_and_unzip scheduled__2022-07-20T00:00:00+00:00 [queued]>
[2022-07-21 09:21:48,892] {taskinstance.py:1032} INFO - Dependencies all met for <TaskInstance: StackExchange.download_and_unzip scheduled__2022-07-20T00:00:00+00:00 [queued]>
[2022-07-21 09:21:48,894] {taskinstance.py:1238} INFO - 
--------------------------------------------------------------------------------
[2022-07-21 09:21:48,899] {taskinstance.py:1239} INFO - Starting attempt 1 of 6
[2022-07-21 09:21:48,908] {taskinstance.py:1240} INFO - 
--------------------------------------------------------------------------------
[2022-07-21 09:21:49,011] {taskinstance.py:1259} INFO - Executing <Task(PythonOperator): download_and_unzip> on 2022-07-20 00:00:00+00:00
[2022-07-21 09:21:49,050] {standard_task_runner.py:52} INFO - Started process 229 to run task
[2022-07-21 09:21:49,119] {standard_task_runner.py:76} INFO - Running: ['***', 'tasks', 'run', 'StackExchange', 'download_and_unzip', 'scheduled__2022-07-20T00:00:00+00:00', '--job-id', '3', '--raw', '--subdir', 'DAGS_FOLDER/stackexchange_dag.py', '--cfg-path', '/tmp/tmpb7llva99', '--error-file', '/tmp/tmpp6coe9or']
[2022-07-21 09:21:49,128] {standard_task_runner.py:77} INFO - Job 3: Subtask download_and_unzip
[2022-07-21 09:21:49,432] {logging_mixin.py:109} INFO - Running <TaskInstance: StackExchange.download_and_unzip scheduled__2022-07-20T00:00:00+00:00 [running]> on host 98e81b5638d8
[2022-07-21 09:21:49,598] {taskinstance.py:1426} INFO - Exporting the following env vars:
AIRFLOW_CTX_DAG_OWNER=saad
AIRFLOW_CTX_DAG_ID=StackExchange
AIRFLOW_CTX_TASK_ID=download_and_unzip
AIRFLOW_CTX_EXECUTION_DATE=2022-07-20T00:00:00+00:00
AIRFLOW_CTX_DAG_RUN_ID=scheduled__2022-07-20T00:00:00+00:00
[2022-07-21 09:21:49,602] {logging_mixin.py:109} INFO - Downloading nad unziping DONE
[2022-07-21 09:21:49,603] {python.py:175} INFO - Done. Returned value was: None
[2022-07-21 09:21:49,641] {taskinstance.py:1277} INFO - Marking task as SUCCESS. dag_id=StackExchange, task_id=download_and_unzip, execution_date=20220720T000000, start_date=20220721T092148, end_date=20220721T092149
[2022-07-21 09:21:49,694] {local_task_job.py:154} INFO - Task exited with return code 0
[2022-07-21 09:21:49,832] {local_task_job.py:264} INFO - 3 downstream tasks scheduled from follow-on schedule check
