[2022-07-21 09:21:57,521] {taskinstance.py:1032} INFO - Dependencies all met for <TaskInstance: StackExchange.processing_badges scheduled__2022-07-20T00:00:00+00:00 [queued]>
[2022-07-21 09:21:57,652] {taskinstance.py:1032} INFO - Dependencies all met for <TaskInstance: StackExchange.processing_badges scheduled__2022-07-20T00:00:00+00:00 [queued]>
[2022-07-21 09:21:57,656] {taskinstance.py:1238} INFO - 
--------------------------------------------------------------------------------
[2022-07-21 09:21:57,658] {taskinstance.py:1239} INFO - Starting attempt 1 of 6
[2022-07-21 09:21:57,658] {taskinstance.py:1240} INFO - 
--------------------------------------------------------------------------------
[2022-07-21 09:21:57,832] {taskinstance.py:1259} INFO - Executing <Task(PythonOperator): processing_badges> on 2022-07-20 00:00:00+00:00
[2022-07-21 09:21:57,890] {standard_task_runner.py:52} INFO - Started process 249 to run task
[2022-07-21 09:21:58,036] {standard_task_runner.py:76} INFO - Running: ['***', 'tasks', 'run', 'StackExchange', 'processing_badges', 'scheduled__2022-07-20T00:00:00+00:00', '--job-id', '10', '--raw', '--subdir', 'DAGS_FOLDER/stackexchange_dag.py', '--cfg-path', '/tmp/tmpu8m8011m', '--error-file', '/tmp/tmp3g550vex']
[2022-07-21 09:21:58,047] {standard_task_runner.py:77} INFO - Job 10: Subtask processing_badges
[2022-07-21 09:21:58,993] {logging_mixin.py:109} INFO - Running <TaskInstance: StackExchange.processing_badges scheduled__2022-07-20T00:00:00+00:00 [running]> on host 98e81b5638d8
[2022-07-21 09:21:59,209] {taskinstance.py:1426} INFO - Exporting the following env vars:
AIRFLOW_CTX_DAG_OWNER=saad
AIRFLOW_CTX_DAG_ID=StackExchange
AIRFLOW_CTX_TASK_ID=processing_badges
AIRFLOW_CTX_EXECUTION_DATE=2022-07-20T00:00:00+00:00
AIRFLOW_CTX_DAG_RUN_ID=scheduled__2022-07-20T00:00:00+00:00
[2022-07-21 09:21:59,215] {logging_mixin.py:109} INFO - Processing badges DONE
[2022-07-21 09:21:59,217] {python.py:175} INFO - Done. Returned value was: None
[2022-07-21 09:21:59,274] {taskinstance.py:1277} INFO - Marking task as SUCCESS. dag_id=StackExchange, task_id=processing_badges, execution_date=20220720T000000, start_date=20220721T092157, end_date=20220721T092159
[2022-07-21 09:21:59,358] {local_task_job.py:154} INFO - Task exited with return code 0
[2022-07-21 09:21:59,465] {local_task_job.py:264} INFO - 1 downstream tasks scheduled from follow-on schedule check
