[2022-07-21 09:21:53,228] {taskinstance.py:1032} INFO - Dependencies all met for <TaskInstance: StackExchange.processing_post scheduled__2022-07-20T00:00:00+00:00 [queued]>
[2022-07-21 09:21:53,383] {taskinstance.py:1032} INFO - Dependencies all met for <TaskInstance: StackExchange.processing_post scheduled__2022-07-20T00:00:00+00:00 [queued]>
[2022-07-21 09:21:53,390] {taskinstance.py:1238} INFO - 
--------------------------------------------------------------------------------
[2022-07-21 09:21:53,397] {taskinstance.py:1239} INFO - Starting attempt 1 of 6
[2022-07-21 09:21:53,398] {taskinstance.py:1240} INFO - 
--------------------------------------------------------------------------------
[2022-07-21 09:21:53,481] {taskinstance.py:1259} INFO - Executing <Task(PythonOperator): processing_post> on 2022-07-20 00:00:00+00:00
[2022-07-21 09:21:53,518] {standard_task_runner.py:52} INFO - Started process 237 to run task
[2022-07-21 09:21:53,642] {standard_task_runner.py:76} INFO - Running: ['***', 'tasks', 'run', 'StackExchange', 'processing_post', 'scheduled__2022-07-20T00:00:00+00:00', '--job-id', '5', '--raw', '--subdir', 'DAGS_FOLDER/stackexchange_dag.py', '--cfg-path', '/tmp/tmpve5uzr3r', '--error-file', '/tmp/tmp8_ospjmy']
[2022-07-21 09:21:53,648] {standard_task_runner.py:77} INFO - Job 5: Subtask processing_post
[2022-07-21 09:21:54,630] {logging_mixin.py:109} INFO - Running <TaskInstance: StackExchange.processing_post scheduled__2022-07-20T00:00:00+00:00 [running]> on host 98e81b5638d8
[2022-07-21 09:21:56,480] {taskinstance.py:1426} INFO - Exporting the following env vars:
AIRFLOW_CTX_DAG_OWNER=saad
AIRFLOW_CTX_DAG_ID=StackExchange
AIRFLOW_CTX_TASK_ID=processing_post
AIRFLOW_CTX_EXECUTION_DATE=2022-07-20T00:00:00+00:00
AIRFLOW_CTX_DAG_RUN_ID=scheduled__2022-07-20T00:00:00+00:00
[2022-07-21 09:21:56,482] {logging_mixin.py:109} INFO - Processing post DONE
[2022-07-21 09:21:56,486] {python.py:175} INFO - Done. Returned value was: None
[2022-07-21 09:21:56,767] {taskinstance.py:1277} INFO - Marking task as SUCCESS. dag_id=StackExchange, task_id=processing_post, execution_date=20220720T000000, start_date=20220721T092153, end_date=20220721T092156
[2022-07-21 09:21:57,129] {local_task_job.py:154} INFO - Task exited with return code 0
[2022-07-21 09:21:58,198] {local_task_job.py:264} INFO - 0 downstream tasks scheduled from follow-on schedule check
