[2022-07-21 09:23:39,490] {taskinstance.py:1032} INFO - Dependencies all met for <TaskInstance: StackExchange.create_schema manual__2022-07-21T09:23:26.220601+00:00 [queued]>
[2022-07-21 09:23:39,571] {taskinstance.py:1032} INFO - Dependencies all met for <TaskInstance: StackExchange.create_schema manual__2022-07-21T09:23:26.220601+00:00 [queued]>
[2022-07-21 09:23:39,579] {taskinstance.py:1238} INFO - 
--------------------------------------------------------------------------------
[2022-07-21 09:23:39,589] {taskinstance.py:1239} INFO - Starting attempt 1 of 6
[2022-07-21 09:23:39,596] {taskinstance.py:1240} INFO - 
--------------------------------------------------------------------------------
[2022-07-21 09:23:39,669] {taskinstance.py:1259} INFO - Executing <Task(PythonOperator): create_schema> on 2022-07-21 09:23:26.220601+00:00
[2022-07-21 09:23:39,698] {standard_task_runner.py:52} INFO - Started process 309 to run task
[2022-07-21 09:23:39,707] {standard_task_runner.py:76} INFO - Running: ['***', 'tasks', 'run', 'StackExchange', 'create_schema', 'manual__2022-07-21T09:23:26.220601+00:00', '--job-id', '18', '--raw', '--subdir', 'DAGS_FOLDER/stackexchange_dag.py', '--cfg-path', '/tmp/tmp46sd73eh', '--error-file', '/tmp/tmpzrxtoj00']
[2022-07-21 09:23:39,709] {standard_task_runner.py:77} INFO - Job 18: Subtask create_schema
[2022-07-21 09:23:39,979] {logging_mixin.py:109} INFO - Running <TaskInstance: StackExchange.create_schema manual__2022-07-21T09:23:26.220601+00:00 [running]> on host 98e81b5638d8
[2022-07-21 09:23:40,302] {taskinstance.py:1426} INFO - Exporting the following env vars:
AIRFLOW_CTX_DAG_OWNER=saad
AIRFLOW_CTX_DAG_ID=StackExchange
AIRFLOW_CTX_TASK_ID=create_schema
AIRFLOW_CTX_EXECUTION_DATE=2022-07-21T09:23:26.220601+00:00
AIRFLOW_CTX_DAG_RUN_ID=manual__2022-07-21T09:23:26.220601+00:00
[2022-07-21 09:23:40,310] {logging_mixin.py:109} INFO - Schema Created
[2022-07-21 09:23:40,325] {python.py:175} INFO - Done. Returned value was: None
[2022-07-21 09:23:40,414] {taskinstance.py:1277} INFO - Marking task as SUCCESS. dag_id=StackExchange, task_id=create_schema, execution_date=20220721T092326, start_date=20220721T092339, end_date=20220721T092340
[2022-07-21 09:23:40,540] {local_task_job.py:154} INFO - Task exited with return code 0
[2022-07-21 09:23:40,734] {local_task_job.py:264} INFO - 1 downstream tasks scheduled from follow-on schedule check
