[2022-07-21 09:15:53,287] {processor.py:163} INFO - Started process (PID=37) to work on /opt/airflow/dags/stackexchange_dag.py
[2022-07-21 09:15:53,291] {processor.py:642} INFO - Processing file /opt/airflow/dags/stackexchange_dag.py for tasks to queue
[2022-07-21 09:15:53,293] {logging_mixin.py:109} INFO - [2022-07-21 09:15:53,292] {dagbag.py:500} INFO - Filling up the DagBag from /opt/airflow/dags/stackexchange_dag.py
[2022-07-21 09:15:53,430] {processor.py:654} INFO - DAG(s) dict_keys(['StackExchange']) retrieved from /opt/airflow/dags/stackexchange_dag.py
[2022-07-21 09:16:29,091] {logging_mixin.py:109} INFO - [2022-07-21 09:16:29,091] {manager.py:496} INFO - Created Permission View: can edit on DAG:StackExchange
[2022-07-21 09:16:29,153] {logging_mixin.py:109} INFO - [2022-07-21 09:16:29,153] {manager.py:496} INFO - Created Permission View: can read on DAG:StackExchange
[2022-07-21 09:16:29,156] {logging_mixin.py:109} INFO - [2022-07-21 09:16:29,155] {dag.py:2396} INFO - Sync 1 DAGs
[2022-07-21 09:16:29,238] {logging_mixin.py:109} INFO - [2022-07-21 09:16:29,237] {dag.py:2415} INFO - Creating ORM DAG for StackExchange
[2022-07-21 09:16:29,358] {logging_mixin.py:109} INFO - [2022-07-21 09:16:29,357] {dag.py:2935} INFO - Setting next_dagrun for StackExchange to 2022-07-20 00:00:00+00:00
[2022-07-21 09:16:29,806] {processor.py:171} INFO - Processing /opt/airflow/dags/stackexchange_dag.py took 36.579 seconds
[2022-07-21 09:17:02,022] {processor.py:163} INFO - Started process (PID=80) to work on /opt/airflow/dags/stackexchange_dag.py
[2022-07-21 09:17:02,026] {processor.py:642} INFO - Processing file /opt/airflow/dags/stackexchange_dag.py for tasks to queue
[2022-07-21 09:17:02,028] {logging_mixin.py:109} INFO - [2022-07-21 09:17:02,028] {dagbag.py:500} INFO - Filling up the DagBag from /opt/airflow/dags/stackexchange_dag.py
[2022-07-21 09:17:02,179] {processor.py:654} INFO - DAG(s) dict_keys(['StackExchange']) retrieved from /opt/airflow/dags/stackexchange_dag.py
[2022-07-21 09:17:02,217] {logging_mixin.py:109} INFO - [2022-07-21 09:17:02,217] {dag.py:2396} INFO - Sync 1 DAGs
[2022-07-21 09:17:02,263] {logging_mixin.py:109} INFO - [2022-07-21 09:17:02,262] {dag.py:2935} INFO - Setting next_dagrun for StackExchange to 2022-07-20 00:00:00+00:00
[2022-07-21 09:17:02,282] {processor.py:171} INFO - Processing /opt/airflow/dags/stackexchange_dag.py took 0.271 seconds
[2022-07-21 09:17:32,390] {processor.py:163} INFO - Started process (PID=98) to work on /opt/airflow/dags/stackexchange_dag.py
[2022-07-21 09:17:32,392] {processor.py:642} INFO - Processing file /opt/airflow/dags/stackexchange_dag.py for tasks to queue
[2022-07-21 09:17:32,393] {logging_mixin.py:109} INFO - [2022-07-21 09:17:32,393] {dagbag.py:500} INFO - Filling up the DagBag from /opt/airflow/dags/stackexchange_dag.py
[2022-07-21 09:17:32,456] {processor.py:654} INFO - DAG(s) dict_keys(['StackExchange']) retrieved from /opt/airflow/dags/stackexchange_dag.py
[2022-07-21 09:17:32,470] {logging_mixin.py:109} INFO - [2022-07-21 09:17:32,469] {dag.py:2396} INFO - Sync 1 DAGs
[2022-07-21 09:17:32,492] {logging_mixin.py:109} INFO - [2022-07-21 09:17:32,492] {dag.py:2935} INFO - Setting next_dagrun for StackExchange to 2022-07-20 00:00:00+00:00
[2022-07-21 09:17:32,504] {processor.py:171} INFO - Processing /opt/airflow/dags/stackexchange_dag.py took 0.119 seconds
[2022-07-21 09:18:02,592] {processor.py:163} INFO - Started process (PID=116) to work on /opt/airflow/dags/stackexchange_dag.py
[2022-07-21 09:18:02,596] {processor.py:642} INFO - Processing file /opt/airflow/dags/stackexchange_dag.py for tasks to queue
[2022-07-21 09:18:02,599] {logging_mixin.py:109} INFO - [2022-07-21 09:18:02,599] {dagbag.py:500} INFO - Filling up the DagBag from /opt/airflow/dags/stackexchange_dag.py
[2022-07-21 09:18:02,668] {processor.py:654} INFO - DAG(s) dict_keys(['StackExchange']) retrieved from /opt/airflow/dags/stackexchange_dag.py
[2022-07-21 09:18:02,682] {logging_mixin.py:109} INFO - [2022-07-21 09:18:02,682] {dag.py:2396} INFO - Sync 1 DAGs
[2022-07-21 09:18:02,707] {logging_mixin.py:109} INFO - [2022-07-21 09:18:02,707] {dag.py:2935} INFO - Setting next_dagrun for StackExchange to 2022-07-20 00:00:00+00:00
[2022-07-21 09:18:02,732] {processor.py:171} INFO - Processing /opt/airflow/dags/stackexchange_dag.py took 0.146 seconds
[2022-07-21 09:18:36,379] {processor.py:163} INFO - Started process (PID=134) to work on /opt/airflow/dags/stackexchange_dag.py
[2022-07-21 09:18:36,447] {processor.py:642} INFO - Processing file /opt/airflow/dags/stackexchange_dag.py for tasks to queue
[2022-07-21 09:18:36,478] {logging_mixin.py:109} INFO - [2022-07-21 09:18:36,477] {dagbag.py:500} INFO - Filling up the DagBag from /opt/airflow/dags/stackexchange_dag.py
[2022-07-21 09:18:37,924] {processor.py:654} INFO - DAG(s) dict_keys(['StackExchange']) retrieved from /opt/airflow/dags/stackexchange_dag.py
[2022-07-21 09:18:38,068] {logging_mixin.py:109} INFO - [2022-07-21 09:18:38,063] {dag.py:2396} INFO - Sync 1 DAGs
[2022-07-21 09:18:38,290] {logging_mixin.py:109} INFO - [2022-07-21 09:18:38,290] {dag.py:2935} INFO - Setting next_dagrun for StackExchange to 2022-07-20 00:00:00+00:00
[2022-07-21 09:18:38,465] {processor.py:171} INFO - Processing /opt/airflow/dags/stackexchange_dag.py took 2.873 seconds
[2022-07-21 09:19:10,179] {processor.py:163} INFO - Started process (PID=152) to work on /opt/airflow/dags/stackexchange_dag.py
[2022-07-21 09:19:10,202] {processor.py:642} INFO - Processing file /opt/airflow/dags/stackexchange_dag.py for tasks to queue
[2022-07-21 09:19:10,223] {logging_mixin.py:109} INFO - [2022-07-21 09:19:10,222] {dagbag.py:500} INFO - Filling up the DagBag from /opt/airflow/dags/stackexchange_dag.py
[2022-07-21 09:19:11,211] {processor.py:654} INFO - DAG(s) dict_keys(['StackExchange']) retrieved from /opt/airflow/dags/stackexchange_dag.py
[2022-07-21 09:19:11,298] {logging_mixin.py:109} INFO - [2022-07-21 09:19:11,298] {dag.py:2396} INFO - Sync 1 DAGs
[2022-07-21 09:19:11,395] {logging_mixin.py:109} INFO - [2022-07-21 09:19:11,395] {dag.py:2935} INFO - Setting next_dagrun for StackExchange to 2022-07-20 00:00:00+00:00
[2022-07-21 09:19:11,491] {processor.py:171} INFO - Processing /opt/airflow/dags/stackexchange_dag.py took 1.399 seconds
[2022-07-21 09:19:41,686] {processor.py:163} INFO - Started process (PID=161) to work on /opt/airflow/dags/stackexchange_dag.py
[2022-07-21 09:19:41,688] {processor.py:642} INFO - Processing file /opt/airflow/dags/stackexchange_dag.py for tasks to queue
[2022-07-21 09:19:41,690] {logging_mixin.py:109} INFO - [2022-07-21 09:19:41,690] {dagbag.py:500} INFO - Filling up the DagBag from /opt/airflow/dags/stackexchange_dag.py
[2022-07-21 09:19:41,793] {processor.py:654} INFO - DAG(s) dict_keys(['StackExchange']) retrieved from /opt/airflow/dags/stackexchange_dag.py
[2022-07-21 09:19:41,809] {logging_mixin.py:109} INFO - [2022-07-21 09:19:41,809] {dag.py:2396} INFO - Sync 1 DAGs
[2022-07-21 09:19:41,849] {logging_mixin.py:109} INFO - [2022-07-21 09:19:41,849] {dag.py:2935} INFO - Setting next_dagrun for StackExchange to 2022-07-20 00:00:00+00:00
[2022-07-21 09:19:41,904] {processor.py:171} INFO - Processing /opt/airflow/dags/stackexchange_dag.py took 0.223 seconds
[2022-07-21 09:20:12,231] {processor.py:163} INFO - Started process (PID=180) to work on /opt/airflow/dags/stackexchange_dag.py
[2022-07-21 09:20:12,244] {processor.py:642} INFO - Processing file /opt/airflow/dags/stackexchange_dag.py for tasks to queue
[2022-07-21 09:20:12,249] {logging_mixin.py:109} INFO - [2022-07-21 09:20:12,248] {dagbag.py:500} INFO - Filling up the DagBag from /opt/airflow/dags/stackexchange_dag.py
[2022-07-21 09:20:12,398] {processor.py:654} INFO - DAG(s) dict_keys(['StackExchange']) retrieved from /opt/airflow/dags/stackexchange_dag.py
[2022-07-21 09:20:12,427] {logging_mixin.py:109} INFO - [2022-07-21 09:20:12,426] {dag.py:2396} INFO - Sync 1 DAGs
[2022-07-21 09:20:12,532] {logging_mixin.py:109} INFO - [2022-07-21 09:20:12,532] {dag.py:2935} INFO - Setting next_dagrun for StackExchange to 2022-07-20 00:00:00+00:00
[2022-07-21 09:20:12,561] {processor.py:171} INFO - Processing /opt/airflow/dags/stackexchange_dag.py took 0.341 seconds
[2022-07-21 09:20:44,813] {processor.py:163} INFO - Started process (PID=198) to work on /opt/airflow/dags/stackexchange_dag.py
[2022-07-21 09:20:44,853] {processor.py:642} INFO - Processing file /opt/airflow/dags/stackexchange_dag.py for tasks to queue
[2022-07-21 09:20:44,874] {logging_mixin.py:109} INFO - [2022-07-21 09:20:44,873] {dagbag.py:500} INFO - Filling up the DagBag from /opt/airflow/dags/stackexchange_dag.py
[2022-07-21 09:20:46,871] {processor.py:654} INFO - DAG(s) dict_keys(['StackExchange']) retrieved from /opt/airflow/dags/stackexchange_dag.py
[2022-07-21 09:20:47,016] {logging_mixin.py:109} INFO - [2022-07-21 09:20:47,016] {dag.py:2396} INFO - Sync 1 DAGs
[2022-07-21 09:20:47,130] {logging_mixin.py:109} INFO - [2022-07-21 09:20:47,129] {dag.py:2935} INFO - Setting next_dagrun for StackExchange to 2022-07-20 00:00:00+00:00
[2022-07-21 09:20:47,296] {processor.py:171} INFO - Processing /opt/airflow/dags/stackexchange_dag.py took 2.591 seconds
[2022-07-21 09:21:17,825] {processor.py:163} INFO - Started process (PID=215) to work on /opt/airflow/dags/stackexchange_dag.py
[2022-07-21 09:21:17,838] {processor.py:642} INFO - Processing file /opt/airflow/dags/stackexchange_dag.py for tasks to queue
[2022-07-21 09:21:17,840] {logging_mixin.py:109} INFO - [2022-07-21 09:21:17,840] {dagbag.py:500} INFO - Filling up the DagBag from /opt/airflow/dags/stackexchange_dag.py
[2022-07-21 09:21:17,991] {processor.py:654} INFO - DAG(s) dict_keys(['StackExchange']) retrieved from /opt/airflow/dags/stackexchange_dag.py
[2022-07-21 09:21:18,012] {logging_mixin.py:109} INFO - [2022-07-21 09:21:18,012] {dag.py:2396} INFO - Sync 1 DAGs
[2022-07-21 09:21:18,058] {logging_mixin.py:109} INFO - [2022-07-21 09:21:18,058] {dag.py:2935} INFO - Setting next_dagrun for StackExchange to 2022-07-20 00:00:00+00:00
[2022-07-21 09:21:18,091] {processor.py:171} INFO - Processing /opt/airflow/dags/stackexchange_dag.py took 0.283 seconds
[2022-07-21 09:21:48,329] {processor.py:163} INFO - Started process (PID=228) to work on /opt/airflow/dags/stackexchange_dag.py
[2022-07-21 09:21:48,337] {processor.py:642} INFO - Processing file /opt/airflow/dags/stackexchange_dag.py for tasks to queue
[2022-07-21 09:21:48,342] {logging_mixin.py:109} INFO - [2022-07-21 09:21:48,342] {dagbag.py:500} INFO - Filling up the DagBag from /opt/airflow/dags/stackexchange_dag.py
[2022-07-21 09:21:48,713] {processor.py:654} INFO - DAG(s) dict_keys(['StackExchange']) retrieved from /opt/airflow/dags/stackexchange_dag.py
[2022-07-21 09:21:48,888] {logging_mixin.py:109} INFO - [2022-07-21 09:21:48,888] {dag.py:2396} INFO - Sync 1 DAGs
[2022-07-21 09:21:49,193] {logging_mixin.py:109} INFO - [2022-07-21 09:21:49,191] {dag.py:2935} INFO - Setting next_dagrun for StackExchange to 2022-07-21T00:00:00+00:00
[2022-07-21 09:21:49,254] {processor.py:171} INFO - Processing /opt/airflow/dags/stackexchange_dag.py took 0.933 seconds
[2022-07-21 09:22:19,794] {processor.py:163} INFO - Started process (PID=254) to work on /opt/airflow/dags/stackexchange_dag.py
[2022-07-21 09:22:19,799] {processor.py:642} INFO - Processing file /opt/airflow/dags/stackexchange_dag.py for tasks to queue
[2022-07-21 09:22:19,802] {logging_mixin.py:109} INFO - [2022-07-21 09:22:19,802] {dagbag.py:500} INFO - Filling up the DagBag from /opt/airflow/dags/stackexchange_dag.py
[2022-07-21 09:22:20,016] {processor.py:654} INFO - DAG(s) dict_keys(['StackExchange']) retrieved from /opt/airflow/dags/stackexchange_dag.py
[2022-07-21 09:22:20,050] {logging_mixin.py:109} INFO - [2022-07-21 09:22:20,050] {dag.py:2396} INFO - Sync 1 DAGs
[2022-07-21 09:22:20,086] {logging_mixin.py:109} INFO - [2022-07-21 09:22:20,085] {dag.py:2935} INFO - Setting next_dagrun for StackExchange to 2022-07-21T00:00:00+00:00
[2022-07-21 09:22:20,119] {processor.py:171} INFO - Processing /opt/airflow/dags/stackexchange_dag.py took 0.345 seconds
[2022-07-21 09:22:50,194] {processor.py:163} INFO - Started process (PID=274) to work on /opt/airflow/dags/stackexchange_dag.py
[2022-07-21 09:22:50,197] {processor.py:642} INFO - Processing file /opt/airflow/dags/stackexchange_dag.py for tasks to queue
[2022-07-21 09:22:50,198] {logging_mixin.py:109} INFO - [2022-07-21 09:22:50,198] {dagbag.py:500} INFO - Filling up the DagBag from /opt/airflow/dags/stackexchange_dag.py
[2022-07-21 09:22:50,301] {processor.py:654} INFO - DAG(s) dict_keys(['StackExchange']) retrieved from /opt/airflow/dags/stackexchange_dag.py
[2022-07-21 09:22:50,325] {logging_mixin.py:109} INFO - [2022-07-21 09:22:50,325] {dag.py:2396} INFO - Sync 1 DAGs
[2022-07-21 09:22:50,359] {logging_mixin.py:109} INFO - [2022-07-21 09:22:50,359] {dag.py:2935} INFO - Setting next_dagrun for StackExchange to 2022-07-21T00:00:00+00:00
[2022-07-21 09:22:50,380] {processor.py:171} INFO - Processing /opt/airflow/dags/stackexchange_dag.py took 0.191 seconds
[2022-07-21 09:23:04,252] {processor.py:163} INFO - Started process (PID=283) to work on /opt/airflow/dags/stackexchange_dag.py
[2022-07-21 09:23:04,255] {processor.py:642} INFO - Processing file /opt/airflow/dags/stackexchange_dag.py for tasks to queue
[2022-07-21 09:23:04,256] {logging_mixin.py:109} INFO - [2022-07-21 09:23:04,256] {dagbag.py:500} INFO - Filling up the DagBag from /opt/airflow/dags/stackexchange_dag.py
[2022-07-21 09:23:04,326] {processor.py:654} INFO - DAG(s) dict_keys(['StackExchange']) retrieved from /opt/airflow/dags/stackexchange_dag.py
[2022-07-21 09:23:04,342] {logging_mixin.py:109} INFO - [2022-07-21 09:23:04,342] {dag.py:2396} INFO - Sync 1 DAGs
[2022-07-21 09:23:04,367] {logging_mixin.py:109} INFO - [2022-07-21 09:23:04,366] {dag.py:2935} INFO - Setting next_dagrun for StackExchange to 2022-07-21T00:00:00+00:00
[2022-07-21 09:23:04,388] {processor.py:171} INFO - Processing /opt/airflow/dags/stackexchange_dag.py took 0.141 seconds
[2022-07-21 09:23:35,368] {processor.py:163} INFO - Started process (PID=305) to work on /opt/airflow/dags/stackexchange_dag.py
[2022-07-21 09:23:35,377] {processor.py:642} INFO - Processing file /opt/airflow/dags/stackexchange_dag.py for tasks to queue
[2022-07-21 09:23:35,385] {logging_mixin.py:109} INFO - [2022-07-21 09:23:35,385] {dagbag.py:500} INFO - Filling up the DagBag from /opt/airflow/dags/stackexchange_dag.py
[2022-07-21 09:23:35,715] {processor.py:654} INFO - DAG(s) dict_keys(['StackExchange']) retrieved from /opt/airflow/dags/stackexchange_dag.py
[2022-07-21 09:23:35,822] {logging_mixin.py:109} INFO - [2022-07-21 09:23:35,822] {dag.py:2396} INFO - Sync 1 DAGs
[2022-07-21 09:23:35,955] {logging_mixin.py:109} INFO - [2022-07-21 09:23:35,954] {dag.py:2935} INFO - Setting next_dagrun for StackExchange to 2022-07-21T00:00:00+00:00
[2022-07-21 09:23:36,064] {processor.py:171} INFO - Processing /opt/airflow/dags/stackexchange_dag.py took 0.703 seconds
[2022-07-21 09:24:06,634] {processor.py:163} INFO - Started process (PID=315) to work on /opt/airflow/dags/stackexchange_dag.py
[2022-07-21 09:24:06,636] {processor.py:642} INFO - Processing file /opt/airflow/dags/stackexchange_dag.py for tasks to queue
[2022-07-21 09:24:06,637] {logging_mixin.py:109} INFO - [2022-07-21 09:24:06,637] {dagbag.py:500} INFO - Filling up the DagBag from /opt/airflow/dags/stackexchange_dag.py
[2022-07-21 09:24:06,719] {processor.py:654} INFO - DAG(s) dict_keys(['StackExchange']) retrieved from /opt/airflow/dags/stackexchange_dag.py
[2022-07-21 09:24:06,737] {logging_mixin.py:109} INFO - [2022-07-21 09:24:06,737] {dag.py:2396} INFO - Sync 1 DAGs
[2022-07-21 09:24:06,770] {logging_mixin.py:109} INFO - [2022-07-21 09:24:06,770] {dag.py:2935} INFO - Setting next_dagrun for StackExchange to 2022-07-21T00:00:00+00:00
[2022-07-21 09:24:06,786] {processor.py:171} INFO - Processing /opt/airflow/dags/stackexchange_dag.py took 0.157 seconds
[2022-07-21 09:24:36,858] {processor.py:163} INFO - Started process (PID=332) to work on /opt/airflow/dags/stackexchange_dag.py
[2022-07-21 09:24:36,860] {processor.py:642} INFO - Processing file /opt/airflow/dags/stackexchange_dag.py for tasks to queue
[2022-07-21 09:24:36,861] {logging_mixin.py:109} INFO - [2022-07-21 09:24:36,861] {dagbag.py:500} INFO - Filling up the DagBag from /opt/airflow/dags/stackexchange_dag.py
[2022-07-21 09:24:36,932] {processor.py:654} INFO - DAG(s) dict_keys(['StackExchange']) retrieved from /opt/airflow/dags/stackexchange_dag.py
[2022-07-21 09:24:36,952] {logging_mixin.py:109} INFO - [2022-07-21 09:24:36,952] {dag.py:2396} INFO - Sync 1 DAGs
[2022-07-21 09:24:36,980] {logging_mixin.py:109} INFO - [2022-07-21 09:24:36,980] {dag.py:2935} INFO - Setting next_dagrun for StackExchange to 2022-07-21T00:00:00+00:00
[2022-07-21 09:24:36,993] {processor.py:171} INFO - Processing /opt/airflow/dags/stackexchange_dag.py took 0.139 seconds
[2022-07-21 09:25:07,071] {processor.py:163} INFO - Started process (PID=350) to work on /opt/airflow/dags/stackexchange_dag.py
[2022-07-21 09:25:07,073] {processor.py:642} INFO - Processing file /opt/airflow/dags/stackexchange_dag.py for tasks to queue
[2022-07-21 09:25:07,074] {logging_mixin.py:109} INFO - [2022-07-21 09:25:07,074] {dagbag.py:500} INFO - Filling up the DagBag from /opt/airflow/dags/stackexchange_dag.py
[2022-07-21 09:25:07,135] {processor.py:654} INFO - DAG(s) dict_keys(['StackExchange']) retrieved from /opt/airflow/dags/stackexchange_dag.py
[2022-07-21 09:25:07,150] {logging_mixin.py:109} INFO - [2022-07-21 09:25:07,150] {dag.py:2396} INFO - Sync 1 DAGs
[2022-07-21 09:25:07,183] {logging_mixin.py:109} INFO - [2022-07-21 09:25:07,182] {dag.py:2935} INFO - Setting next_dagrun for StackExchange to 2022-07-21T00:00:00+00:00
[2022-07-21 09:25:07,197] {processor.py:171} INFO - Processing /opt/airflow/dags/stackexchange_dag.py took 0.132 seconds
[2022-07-21 09:25:37,324] {processor.py:163} INFO - Started process (PID=367) to work on /opt/airflow/dags/stackexchange_dag.py
[2022-07-21 09:25:37,330] {processor.py:642} INFO - Processing file /opt/airflow/dags/stackexchange_dag.py for tasks to queue
[2022-07-21 09:25:37,331] {logging_mixin.py:109} INFO - [2022-07-21 09:25:37,331] {dagbag.py:500} INFO - Filling up the DagBag from /opt/airflow/dags/stackexchange_dag.py
[2022-07-21 09:25:37,440] {processor.py:654} INFO - DAG(s) dict_keys(['StackExchange']) retrieved from /opt/airflow/dags/stackexchange_dag.py
[2022-07-21 09:25:37,459] {logging_mixin.py:109} INFO - [2022-07-21 09:25:37,459] {dag.py:2396} INFO - Sync 1 DAGs
[2022-07-21 09:25:37,491] {logging_mixin.py:109} INFO - [2022-07-21 09:25:37,491] {dag.py:2935} INFO - Setting next_dagrun for StackExchange to 2022-07-21T00:00:00+00:00
[2022-07-21 09:25:37,508] {processor.py:171} INFO - Processing /opt/airflow/dags/stackexchange_dag.py took 0.202 seconds
