[2022-07-21 09:21:53,502] {taskinstance.py:1032} INFO - Dependencies all met for <TaskInstance: StackExchange.processing_comments scheduled__2022-07-20T00:00:00+00:00 [queued]>
[2022-07-21 09:21:53,652] {taskinstance.py:1032} INFO - Dependencies all met for <TaskInstance: StackExchange.processing_comments scheduled__2022-07-20T00:00:00+00:00 [queued]>
[2022-07-21 09:21:53,655] {taskinstance.py:1238} INFO - 
--------------------------------------------------------------------------------
[2022-07-21 09:21:53,659] {taskinstance.py:1239} INFO - Starting attempt 1 of 6
[2022-07-21 09:21:53,664] {taskinstance.py:1240} INFO - 
--------------------------------------------------------------------------------
[2022-07-21 09:21:53,873] {taskinstance.py:1259} INFO - Executing <Task(PythonOperator): processing_comments> on 2022-07-20 00:00:00+00:00
[2022-07-21 09:21:54,031] {standard_task_runner.py:52} INFO - Started process 238 to run task
[2022-07-21 09:21:54,143] {standard_task_runner.py:76} INFO - Running: ['***', 'tasks', 'run', 'StackExchange', 'processing_comments', 'scheduled__2022-07-20T00:00:00+00:00', '--job-id', '6', '--raw', '--subdir', 'DAGS_FOLDER/stackexchange_dag.py', '--cfg-path', '/tmp/tmpvvv1ivb8', '--error-file', '/tmp/tmpncpeqtis']
[2022-07-21 09:21:54,155] {standard_task_runner.py:77} INFO - Job 6: Subtask processing_comments
[2022-07-21 09:21:55,915] {logging_mixin.py:109} INFO - Running <TaskInstance: StackExchange.processing_comments scheduled__2022-07-20T00:00:00+00:00 [running]> on host 98e81b5638d8
[2022-07-21 09:21:56,971] {taskinstance.py:1426} INFO - Exporting the following env vars:
AIRFLOW_CTX_DAG_OWNER=saad
AIRFLOW_CTX_DAG_ID=StackExchange
AIRFLOW_CTX_TASK_ID=processing_comments
AIRFLOW_CTX_EXECUTION_DATE=2022-07-20T00:00:00+00:00
AIRFLOW_CTX_DAG_RUN_ID=scheduled__2022-07-20T00:00:00+00:00
[2022-07-21 09:21:56,986] {logging_mixin.py:109} INFO - Processing comments DONE
[2022-07-21 09:21:56,989] {python.py:175} INFO - Done. Returned value was: None
[2022-07-21 09:21:57,182] {taskinstance.py:1277} INFO - Marking task as SUCCESS. dag_id=StackExchange, task_id=processing_comments, execution_date=20220720T000000, start_date=20220721T092153, end_date=20220721T092157
[2022-07-21 09:21:57,545] {local_task_job.py:154} INFO - Task exited with return code 0
[2022-07-21 09:21:58,590] {local_task_job.py:264} INFO - 0 downstream tasks scheduled from follow-on schedule check
