[2022-07-21 09:23:31,982] {taskinstance.py:1032} INFO - Dependencies all met for <TaskInstance: StackExchange.processing_comments manual__2022-07-21T09:23:26.220601+00:00 [queued]>
[2022-07-21 09:23:32,093] {taskinstance.py:1032} INFO - Dependencies all met for <TaskInstance: StackExchange.processing_comments manual__2022-07-21T09:23:26.220601+00:00 [queued]>
[2022-07-21 09:23:32,094] {taskinstance.py:1238} INFO - 
--------------------------------------------------------------------------------
[2022-07-21 09:23:32,101] {taskinstance.py:1239} INFO - Starting attempt 1 of 6
[2022-07-21 09:23:32,103] {taskinstance.py:1240} INFO - 
--------------------------------------------------------------------------------
[2022-07-21 09:23:32,184] {taskinstance.py:1259} INFO - Executing <Task(PythonOperator): processing_comments> on 2022-07-21 09:23:26.220601+00:00
[2022-07-21 09:23:32,213] {standard_task_runner.py:52} INFO - Started process 305 to run task
[2022-07-21 09:23:32,261] {standard_task_runner.py:76} INFO - Running: ['***', 'tasks', 'run', 'StackExchange', 'processing_comments', 'manual__2022-07-21T09:23:26.220601+00:00', '--job-id', '16', '--raw', '--subdir', 'DAGS_FOLDER/stackexchange_dag.py', '--cfg-path', '/tmp/tmpt4njomsp', '--error-file', '/tmp/tmpygje_1pt']
[2022-07-21 09:23:32,267] {standard_task_runner.py:77} INFO - Job 16: Subtask processing_comments
[2022-07-21 09:23:32,929] {logging_mixin.py:109} INFO - Running <TaskInstance: StackExchange.processing_comments manual__2022-07-21T09:23:26.220601+00:00 [running]> on host 98e81b5638d8
[2022-07-21 09:23:33,364] {taskinstance.py:1426} INFO - Exporting the following env vars:
AIRFLOW_CTX_DAG_OWNER=saad
AIRFLOW_CTX_DAG_ID=StackExchange
AIRFLOW_CTX_TASK_ID=processing_comments
AIRFLOW_CTX_EXECUTION_DATE=2022-07-21T09:23:26.220601+00:00
AIRFLOW_CTX_DAG_RUN_ID=manual__2022-07-21T09:23:26.220601+00:00
[2022-07-21 09:23:33,370] {logging_mixin.py:109} INFO - Processing comments DONE
[2022-07-21 09:23:33,372] {python.py:175} INFO - Done. Returned value was: None
[2022-07-21 09:23:33,487] {taskinstance.py:1277} INFO - Marking task as SUCCESS. dag_id=StackExchange, task_id=processing_comments, execution_date=20220721T092326, start_date=20220721T092331, end_date=20220721T092333
[2022-07-21 09:23:33,639] {local_task_job.py:154} INFO - Task exited with return code 0
[2022-07-21 09:23:33,751] {local_task_job.py:264} INFO - 1 downstream tasks scheduled from follow-on schedule check
