[2022-07-21 09:23:44,242] {taskinstance.py:1032} INFO - Dependencies all met for <TaskInstance: StackExchange.finish manual__2022-07-21T09:23:26.220601+00:00 [queued]>
[2022-07-21 09:23:44,268] {taskinstance.py:1032} INFO - Dependencies all met for <TaskInstance: StackExchange.finish manual__2022-07-21T09:23:26.220601+00:00 [queued]>
[2022-07-21 09:23:44,269] {taskinstance.py:1238} INFO - 
--------------------------------------------------------------------------------
[2022-07-21 09:23:44,270] {taskinstance.py:1239} INFO - Starting attempt 1 of 6
[2022-07-21 09:23:44,270] {taskinstance.py:1240} INFO - 
--------------------------------------------------------------------------------
[2022-07-21 09:23:44,294] {taskinstance.py:1259} INFO - Executing <Task(PythonOperator): finish> on 2022-07-21 09:23:26.220601+00:00
[2022-07-21 09:23:44,302] {standard_task_runner.py:52} INFO - Started process 313 to run task
[2022-07-21 09:23:44,308] {standard_task_runner.py:76} INFO - Running: ['***', 'tasks', 'run', 'StackExchange', 'finish', 'manual__2022-07-21T09:23:26.220601+00:00', '--job-id', '20', '--raw', '--subdir', 'DAGS_FOLDER/stackexchange_dag.py', '--cfg-path', '/tmp/tmpddvl9at9', '--error-file', '/tmp/tmp6f88eei3']
[2022-07-21 09:23:44,310] {standard_task_runner.py:77} INFO - Job 20: Subtask finish
[2022-07-21 09:23:44,406] {logging_mixin.py:109} INFO - Running <TaskInstance: StackExchange.finish manual__2022-07-21T09:23:26.220601+00:00 [running]> on host 98e81b5638d8
[2022-07-21 09:23:44,494] {taskinstance.py:1426} INFO - Exporting the following env vars:
AIRFLOW_CTX_DAG_OWNER=saad
AIRFLOW_CTX_DAG_ID=StackExchange
AIRFLOW_CTX_TASK_ID=finish
AIRFLOW_CTX_EXECUTION_DATE=2022-07-21T09:23:26.220601+00:00
AIRFLOW_CTX_DAG_RUN_ID=manual__2022-07-21T09:23:26.220601+00:00
[2022-07-21 09:23:44,496] {logging_mixin.py:109} INFO - done
[2022-07-21 09:23:44,497] {python.py:175} INFO - Done. Returned value was: None
[2022-07-21 09:23:44,518] {taskinstance.py:1277} INFO - Marking task as SUCCESS. dag_id=StackExchange, task_id=finish, execution_date=20220721T092326, start_date=20220721T092344, end_date=20220721T092344
[2022-07-21 09:23:44,564] {local_task_job.py:154} INFO - Task exited with return code 0
[2022-07-21 09:23:44,631] {local_task_job.py:264} INFO - 0 downstream tasks scheduled from follow-on schedule check
