[2022-07-21 09:21:57,043] {taskinstance.py:1032} INFO - Dependencies all met for <TaskInstance: StackExchange.processing_badges manual__2022-07-21T09:21:45.423642+00:00 [queued]>
[2022-07-21 09:21:57,374] {taskinstance.py:1032} INFO - Dependencies all met for <TaskInstance: StackExchange.processing_badges manual__2022-07-21T09:21:45.423642+00:00 [queued]>
[2022-07-21 09:21:57,376] {taskinstance.py:1238} INFO - 
--------------------------------------------------------------------------------
[2022-07-21 09:21:57,380] {taskinstance.py:1239} INFO - Starting attempt 1 of 6
[2022-07-21 09:21:57,389] {taskinstance.py:1240} INFO - 
--------------------------------------------------------------------------------
[2022-07-21 09:21:57,646] {taskinstance.py:1259} INFO - Executing <Task(PythonOperator): processing_badges> on 2022-07-21 09:21:45.423642+00:00
[2022-07-21 09:21:57,748] {standard_task_runner.py:76} INFO - Running: ['***', 'tasks', 'run', 'StackExchange', 'processing_badges', 'manual__2022-07-21T09:21:45.423642+00:00', '--job-id', '9', '--raw', '--subdir', 'DAGS_FOLDER/stackexchange_dag.py', '--cfg-path', '/tmp/tmp1xhnkel2', '--error-file', '/tmp/tmp87dgv92w']
[2022-07-21 09:21:57,729] {standard_task_runner.py:52} INFO - Started process 248 to run task
[2022-07-21 09:21:57,819] {standard_task_runner.py:77} INFO - Job 9: Subtask processing_badges
[2022-07-21 09:21:59,056] {logging_mixin.py:109} INFO - Running <TaskInstance: StackExchange.processing_badges manual__2022-07-21T09:21:45.423642+00:00 [running]> on host 98e81b5638d8
[2022-07-21 09:21:59,281] {taskinstance.py:1426} INFO - Exporting the following env vars:
AIRFLOW_CTX_DAG_OWNER=saad
AIRFLOW_CTX_DAG_ID=StackExchange
AIRFLOW_CTX_TASK_ID=processing_badges
AIRFLOW_CTX_EXECUTION_DATE=2022-07-21T09:21:45.423642+00:00
AIRFLOW_CTX_DAG_RUN_ID=manual__2022-07-21T09:21:45.423642+00:00
[2022-07-21 09:21:59,283] {logging_mixin.py:109} INFO - Processing badges DONE
[2022-07-21 09:21:59,284] {python.py:175} INFO - Done. Returned value was: None
[2022-07-21 09:21:59,342] {taskinstance.py:1277} INFO - Marking task as SUCCESS. dag_id=StackExchange, task_id=processing_badges, execution_date=20220721T092145, start_date=20220721T092157, end_date=20220721T092159
[2022-07-21 09:21:59,399] {local_task_job.py:154} INFO - Task exited with return code 0
[2022-07-21 09:21:59,506] {local_task_job.py:264} INFO - 1 downstream tasks scheduled from follow-on schedule check
