[2022-07-21 09:21:54,354] {taskinstance.py:1032} INFO - Dependencies all met for <TaskInstance: StackExchange.processing_post manual__2022-07-21T09:21:45.423642+00:00 [queued]>
[2022-07-21 09:21:54,687] {taskinstance.py:1032} INFO - Dependencies all met for <TaskInstance: StackExchange.processing_post manual__2022-07-21T09:21:45.423642+00:00 [queued]>
[2022-07-21 09:21:54,749] {taskinstance.py:1238} INFO - 
--------------------------------------------------------------------------------
[2022-07-21 09:21:54,759] {taskinstance.py:1239} INFO - Starting attempt 1 of 6
[2022-07-21 09:21:54,762] {taskinstance.py:1240} INFO - 
--------------------------------------------------------------------------------
[2022-07-21 09:21:55,375] {taskinstance.py:1259} INFO - Executing <Task(PythonOperator): processing_post> on 2022-07-21 09:21:45.423642+00:00
[2022-07-21 09:21:55,491] {standard_task_runner.py:52} INFO - Started process 239 to run task
[2022-07-21 09:21:55,628] {standard_task_runner.py:76} INFO - Running: ['***', 'tasks', 'run', 'StackExchange', 'processing_post', 'manual__2022-07-21T09:21:45.423642+00:00', '--job-id', '7', '--raw', '--subdir', 'DAGS_FOLDER/stackexchange_dag.py', '--cfg-path', '/tmp/tmpknhngfkf', '--error-file', '/tmp/tmpu076hd48']
[2022-07-21 09:21:55,651] {standard_task_runner.py:77} INFO - Job 7: Subtask processing_post
[2022-07-21 09:21:56,426] {logging_mixin.py:109} INFO - Running <TaskInstance: StackExchange.processing_post manual__2022-07-21T09:21:45.423642+00:00 [running]> on host 98e81b5638d8
[2022-07-21 09:21:57,545] {taskinstance.py:1426} INFO - Exporting the following env vars:
AIRFLOW_CTX_DAG_OWNER=saad
AIRFLOW_CTX_DAG_ID=StackExchange
AIRFLOW_CTX_TASK_ID=processing_post
AIRFLOW_CTX_EXECUTION_DATE=2022-07-21T09:21:45.423642+00:00
AIRFLOW_CTX_DAG_RUN_ID=manual__2022-07-21T09:21:45.423642+00:00
[2022-07-21 09:21:57,596] {logging_mixin.py:109} INFO - Processing post DONE
[2022-07-21 09:21:57,605] {python.py:175} INFO - Done. Returned value was: None
[2022-07-21 09:21:57,699] {taskinstance.py:1277} INFO - Marking task as SUCCESS. dag_id=StackExchange, task_id=processing_post, execution_date=20220721T092145, start_date=20220721T092154, end_date=20220721T092157
[2022-07-21 09:21:57,921] {local_task_job.py:154} INFO - Task exited with return code 0
[2022-07-21 09:21:58,774] {local_task_job.py:264} INFO - 0 downstream tasks scheduled from follow-on schedule check
