[2022-07-21 09:23:31,542] {taskinstance.py:1032} INFO - Dependencies all met for <TaskInstance: StackExchange.processing_badges manual__2022-07-21T09:23:26.220601+00:00 [queued]>
[2022-07-21 09:23:31,636] {taskinstance.py:1032} INFO - Dependencies all met for <TaskInstance: StackExchange.processing_badges manual__2022-07-21T09:23:26.220601+00:00 [queued]>
[2022-07-21 09:23:31,637] {taskinstance.py:1238} INFO - 
--------------------------------------------------------------------------------
[2022-07-21 09:23:31,638] {taskinstance.py:1239} INFO - Starting attempt 1 of 6
[2022-07-21 09:23:31,645] {taskinstance.py:1240} INFO - 
--------------------------------------------------------------------------------
[2022-07-21 09:23:31,699] {taskinstance.py:1259} INFO - Executing <Task(PythonOperator): processing_badges> on 2022-07-21 09:23:26.220601+00:00
[2022-07-21 09:23:31,708] {standard_task_runner.py:52} INFO - Started process 304 to run task
[2022-07-21 09:23:31,751] {standard_task_runner.py:76} INFO - Running: ['***', 'tasks', 'run', 'StackExchange', 'processing_badges', 'manual__2022-07-21T09:23:26.220601+00:00', '--job-id', '15', '--raw', '--subdir', 'DAGS_FOLDER/stackexchange_dag.py', '--cfg-path', '/tmp/tmp3892jl5a', '--error-file', '/tmp/tmp6bxuz1ra']
[2022-07-21 09:23:31,753] {standard_task_runner.py:77} INFO - Job 15: Subtask processing_badges
[2022-07-21 09:23:32,123] {logging_mixin.py:109} INFO - Running <TaskInstance: StackExchange.processing_badges manual__2022-07-21T09:23:26.220601+00:00 [running]> on host 98e81b5638d8
[2022-07-21 09:23:32,532] {taskinstance.py:1426} INFO - Exporting the following env vars:
AIRFLOW_CTX_DAG_OWNER=saad
AIRFLOW_CTX_DAG_ID=StackExchange
AIRFLOW_CTX_TASK_ID=processing_badges
AIRFLOW_CTX_EXECUTION_DATE=2022-07-21T09:23:26.220601+00:00
AIRFLOW_CTX_DAG_RUN_ID=manual__2022-07-21T09:23:26.220601+00:00
[2022-07-21 09:23:32,541] {logging_mixin.py:109} INFO - Processing badges DONE
[2022-07-21 09:23:32,542] {python.py:175} INFO - Done. Returned value was: None
[2022-07-21 09:23:32,652] {taskinstance.py:1277} INFO - Marking task as SUCCESS. dag_id=StackExchange, task_id=processing_badges, execution_date=20220721T092326, start_date=20220721T092331, end_date=20220721T092332
[2022-07-21 09:23:33,025] {local_task_job.py:154} INFO - Task exited with return code 0
[2022-07-21 09:23:33,302] {local_task_job.py:264} INFO - 0 downstream tasks scheduled from follow-on schedule check
