[2022-07-21 09:23:35,219] {taskinstance.py:1032} INFO - Dependencies all met for <TaskInstance: StackExchange.check_sql_conn manual__2022-07-21T09:23:26.220601+00:00 [queued]>
[2022-07-21 09:23:35,247] {taskinstance.py:1032} INFO - Dependencies all met for <TaskInstance: StackExchange.check_sql_conn manual__2022-07-21T09:23:26.220601+00:00 [queued]>
[2022-07-21 09:23:35,251] {taskinstance.py:1238} INFO - 
--------------------------------------------------------------------------------
[2022-07-21 09:23:35,260] {taskinstance.py:1239} INFO - Starting attempt 1 of 6
[2022-07-21 09:23:35,261] {taskinstance.py:1240} INFO - 
--------------------------------------------------------------------------------
[2022-07-21 09:23:35,316] {taskinstance.py:1259} INFO - Executing <Task(BranchPythonOperator): check_sql_conn> on 2022-07-21 09:23:26.220601+00:00
[2022-07-21 09:23:35,331] {standard_task_runner.py:52} INFO - Started process 307 to run task
[2022-07-21 09:23:35,371] {standard_task_runner.py:76} INFO - Running: ['***', 'tasks', 'run', 'StackExchange', 'check_sql_conn', 'manual__2022-07-21T09:23:26.220601+00:00', '--job-id', '17', '--raw', '--subdir', 'DAGS_FOLDER/stackexchange_dag.py', '--cfg-path', '/tmp/tmpbymd_p43', '--error-file', '/tmp/tmp0c5ou5v8']
[2022-07-21 09:23:35,373] {standard_task_runner.py:77} INFO - Job 17: Subtask check_sql_conn
[2022-07-21 09:23:35,702] {logging_mixin.py:109} INFO - Running <TaskInstance: StackExchange.check_sql_conn manual__2022-07-21T09:23:26.220601+00:00 [running]> on host 98e81b5638d8
[2022-07-21 09:23:36,038] {taskinstance.py:1426} INFO - Exporting the following env vars:
AIRFLOW_CTX_DAG_OWNER=saad
AIRFLOW_CTX_DAG_ID=StackExchange
AIRFLOW_CTX_TASK_ID=check_sql_conn
AIRFLOW_CTX_EXECUTION_DATE=2022-07-21T09:23:26.220601+00:00
AIRFLOW_CTX_DAG_RUN_ID=manual__2022-07-21T09:23:26.220601+00:00
[2022-07-21 09:23:36,045] {python.py:175} INFO - Done. Returned value was: create_schema
[2022-07-21 09:23:36,047] {skipmixin.py:143} INFO - Following branch create_schema
[2022-07-21 09:23:36,049] {skipmixin.py:174} INFO - Skipping tasks ['con_fail']
[2022-07-21 09:23:36,463] {taskinstance.py:1277} INFO - Marking task as SUCCESS. dag_id=StackExchange, task_id=check_sql_conn, execution_date=20220721T092326, start_date=20220721T092335, end_date=20220721T092336
[2022-07-21 09:23:36,579] {local_task_job.py:154} INFO - Task exited with return code 0
[2022-07-21 09:23:36,743] {local_task_job.py:264} INFO - 1 downstream tasks scheduled from follow-on schedule check
