[2022-07-21 09:21:56,301] {taskinstance.py:1032} INFO - Dependencies all met for <TaskInstance: StackExchange.processing_comments manual__2022-07-21T09:21:45.423642+00:00 [queued]>
[2022-07-21 09:21:56,517] {taskinstance.py:1032} INFO - Dependencies all met for <TaskInstance: StackExchange.processing_comments manual__2022-07-21T09:21:45.423642+00:00 [queued]>
[2022-07-21 09:21:56,522] {taskinstance.py:1238} INFO - 
--------------------------------------------------------------------------------
[2022-07-21 09:21:56,529] {taskinstance.py:1239} INFO - Starting attempt 1 of 6
[2022-07-21 09:21:56,541] {taskinstance.py:1240} INFO - 
--------------------------------------------------------------------------------
[2022-07-21 09:21:56,738] {taskinstance.py:1259} INFO - Executing <Task(PythonOperator): processing_comments> on 2022-07-21 09:21:45.423642+00:00
[2022-07-21 09:21:56,819] {standard_task_runner.py:76} INFO - Running: ['***', 'tasks', 'run', 'StackExchange', 'processing_comments', 'manual__2022-07-21T09:21:45.423642+00:00', '--job-id', '8', '--raw', '--subdir', 'DAGS_FOLDER/stackexchange_dag.py', '--cfg-path', '/tmp/tmpj_lc8ss9', '--error-file', '/tmp/tmpuir94gjo']
[2022-07-21 09:21:56,771] {standard_task_runner.py:52} INFO - Started process 247 to run task
[2022-07-21 09:21:56,877] {standard_task_runner.py:77} INFO - Job 8: Subtask processing_comments
[2022-07-21 09:21:57,912] {logging_mixin.py:109} INFO - Running <TaskInstance: StackExchange.processing_comments manual__2022-07-21T09:21:45.423642+00:00 [running]> on host 98e81b5638d8
[2022-07-21 09:21:58,888] {taskinstance.py:1426} INFO - Exporting the following env vars:
AIRFLOW_CTX_DAG_OWNER=saad
AIRFLOW_CTX_DAG_ID=StackExchange
AIRFLOW_CTX_TASK_ID=processing_comments
AIRFLOW_CTX_EXECUTION_DATE=2022-07-21T09:21:45.423642+00:00
AIRFLOW_CTX_DAG_RUN_ID=manual__2022-07-21T09:21:45.423642+00:00
[2022-07-21 09:21:58,892] {logging_mixin.py:109} INFO - Processing comments DONE
[2022-07-21 09:21:58,893] {python.py:175} INFO - Done. Returned value was: None
[2022-07-21 09:21:59,011] {taskinstance.py:1277} INFO - Marking task as SUCCESS. dag_id=StackExchange, task_id=processing_comments, execution_date=20220721T092145, start_date=20220721T092156, end_date=20220721T092159
[2022-07-21 09:21:59,133] {local_task_job.py:154} INFO - Task exited with return code 0
[2022-07-21 09:21:59,253] {local_task_job.py:264} INFO - 0 downstream tasks scheduled from follow-on schedule check
