[2022-07-21 09:21:48,817] {taskinstance.py:1032} INFO - Dependencies all met for <TaskInstance: StackExchange.download_and_unzip manual__2022-07-21T09:21:45.423642+00:00 [queued]>
[2022-07-21 09:21:48,920] {taskinstance.py:1032} INFO - Dependencies all met for <TaskInstance: StackExchange.download_and_unzip manual__2022-07-21T09:21:45.423642+00:00 [queued]>
[2022-07-21 09:21:48,924] {taskinstance.py:1238} INFO - 
--------------------------------------------------------------------------------
[2022-07-21 09:21:48,929] {taskinstance.py:1239} INFO - Starting attempt 1 of 6
[2022-07-21 09:21:48,940] {taskinstance.py:1240} INFO - 
--------------------------------------------------------------------------------
[2022-07-21 09:21:49,025] {taskinstance.py:1259} INFO - Executing <Task(PythonOperator): download_and_unzip> on 2022-07-21 09:21:45.423642+00:00
[2022-07-21 09:21:49,094] {standard_task_runner.py:52} INFO - Started process 230 to run task
[2022-07-21 09:21:49,154] {standard_task_runner.py:76} INFO - Running: ['***', 'tasks', 'run', 'StackExchange', 'download_and_unzip', 'manual__2022-07-21T09:21:45.423642+00:00', '--job-id', '4', '--raw', '--subdir', 'DAGS_FOLDER/stackexchange_dag.py', '--cfg-path', '/tmp/tmp9mb2_7kb', '--error-file', '/tmp/tmpjjfyqv6b']
[2022-07-21 09:21:49,163] {standard_task_runner.py:77} INFO - Job 4: Subtask download_and_unzip
[2022-07-21 09:21:49,429] {logging_mixin.py:109} INFO - Running <TaskInstance: StackExchange.download_and_unzip manual__2022-07-21T09:21:45.423642+00:00 [running]> on host 98e81b5638d8
[2022-07-21 09:21:49,587] {taskinstance.py:1426} INFO - Exporting the following env vars:
AIRFLOW_CTX_DAG_OWNER=saad
AIRFLOW_CTX_DAG_ID=StackExchange
AIRFLOW_CTX_TASK_ID=download_and_unzip
AIRFLOW_CTX_EXECUTION_DATE=2022-07-21T09:21:45.423642+00:00
AIRFLOW_CTX_DAG_RUN_ID=manual__2022-07-21T09:21:45.423642+00:00
[2022-07-21 09:21:49,591] {logging_mixin.py:109} INFO - Downloading nad unziping DONE
[2022-07-21 09:21:49,592] {python.py:175} INFO - Done. Returned value was: None
[2022-07-21 09:21:49,632] {taskinstance.py:1277} INFO - Marking task as SUCCESS. dag_id=StackExchange, task_id=download_and_unzip, execution_date=20220721T092145, start_date=20220721T092148, end_date=20220721T092149
[2022-07-21 09:21:49,722] {local_task_job.py:154} INFO - Task exited with return code 0
[2022-07-21 09:21:49,890] {local_task_job.py:264} INFO - 3 downstream tasks scheduled from follow-on schedule check
